0 info it worked if it ends with ok
1 verbose cli [ '/Users/xvw/.nvm/versions/node/v6.9.1/bin/node',
1 verbose cli   '/Users/xvw/.nvm/versions/node/v6.9.1/bin/npm',
1 verbose cli   'run',
1 verbose cli   'test' ]
2 info using npm@3.10.8
3 info using node@v6.9.1
4 verbose config Skipping project config: /Users/xvw/.npmrc. (matches userconfig)
5 verbose stack Error: ENOENT: no such file or directory, open '/Users/xvw/package.json'
5 verbose stack     at Error (native)
6 verbose cwd /Users/xvw/Programmation/talks
7 error Darwin 15.6.0
8 error argv "/Users/xvw/.nvm/versions/node/v6.9.1/bin/node" "/Users/xvw/.nvm/versions/node/v6.9.1/bin/npm" "run" "test"
9 error node v6.9.1
10 error npm  v3.10.8
11 error path /Users/xvw/package.json
12 error code ENOENT
13 error errno -2
14 error syscall open
15 error enoent ENOENT: no such file or directory, open '/Users/xvw/package.json'
16 error enoent ENOENT: no such file or directory, open '/Users/xvw/package.json'
16 error enoent This is most likely not a problem with npm itself
16 error enoent and is related to npm not being able to find a file.
17 verbose exit [ -2, true ]
